<?xml version="1.0" encoding="UTF-8"?>
<!-- Generated by org.testng.reporters.JUnitReportReporter -->
<testsuite skipped="0" hostname="THECHA" name="TestNgPractice.TestNgClass2" tests="3" failures="0" timestamp="15 Oct 2017 03:29:22 GMT" time="0.020" errors="0">
  <testcase name="method8" time="0.001" classname="TestNgPractice.TestNgClass2"/>
  <testcase name="method6" time="0.005" classname="TestNgPractice.TestNgClass2"/>
  <testcase name="method7" time="0.014" classname="TestNgPractice.TestNgClass2"/>
</testsuite> <!-- TestNgPractice.TestNgClass2 -->
