<?xml version="1.0" encoding="UTF-8"?>
<!-- Generated by org.testng.reporters.JUnitReportReporter -->
<testsuite skipped="0" hostname="THECHA" name="TestNgPractice.TestNgClass" tests="1" failures="0" timestamp="15 Oct 2017 03:29:22 GMT" time="0.013" errors="0">
  <testcase name="method5" time="0.013" classname="TestNgPractice.TestNgClass"/>
</testsuite> <!-- TestNgPractice.TestNgClass -->
